This is pdfTeX, Version 3.1415926-2.5-1.40.14 (TeX Live 2013/Debian) (format=pdflatex 2016.10.9)  22 OCT 2016 16:44
entering extended mode
 restricted \write18 enabled.
 %&-line parsing enabled.
**paper.tex
(./paper.tex
LaTeX2e <2011/06/27>
Babel <3.9h> and hyphenation patterns for 78 languages loaded.
(/usr/share/texlive/texmf-dist/tex/latex/base/article.cls
Document Class: article 2007/10/19 v1.4h Standard LaTeX document class
(/usr/share/texlive/texmf-dist/tex/latex/base/size11.clo
File: size11.clo 2007/10/19 v1.4h Standard LaTeX file (size option)
)
\c@part=\count79
\c@section=\count80
\c@subsection=\count81
\c@subsubsection=\count82
\c@paragraph=\count83
\c@subparagraph=\count84
\c@figure=\count85
\c@table=\count86
\abovecaptionskip=\skip41
\belowcaptionskip=\skip42
\bibindent=\dimen102
)
(/usr/share/texlive/texmf-dist/tex/latex/graphics/graphicx.sty
Package: graphicx 1999/02/16 v1.0f Enhanced LaTeX Graphics (DPC,SPQR)

(/usr/share/texlive/texmf-dist/tex/latex/graphics/keyval.sty
Package: keyval 1999/03/16 v1.13 key=value parser (DPC)
\KV@toks@=\toks14
)
(/usr/share/texlive/texmf-dist/tex/latex/graphics/graphics.sty
Package: graphics 2009/02/05 v1.0o Standard LaTeX Graphics (DPC,SPQR)

(/usr/share/texlive/texmf-dist/tex/latex/graphics/trig.sty
Package: trig 1999/03/16 v1.09 sin cos tan (DPC)
)
(/usr/share/texlive/texmf-dist/tex/latex/latexconfig/graphics.cfg
File: graphics.cfg 2010/04/23 v1.9 graphics configuration of TeX Live
)
Package graphics Info: Driver file: pdftex.def on input line 91.

(/usr/share/texlive/texmf-dist/tex/latex/pdftex-def/pdftex.def
File: pdftex.def 2011/05/27 v0.06d Graphics/color for pdfTeX

(/usr/share/texlive/texmf-dist/tex/generic/oberdiek/infwarerr.sty
Package: infwarerr 2010/04/08 v1.3 Providing info/warning/error messages (HO)
)
(/usr/share/texlive/texmf-dist/tex/generic/oberdiek/ltxcmds.sty
Package: ltxcmds 2011/11/09 v1.22 LaTeX kernel commands for general use (HO)
)
\Gread@gobject=\count87
))
\Gin@req@height=\dimen103
\Gin@req@width=\dimen104
)
(/usr/share/texlive/texmf-dist/tex/latex/amsmath/amsmath.sty
Package: amsmath 2013/01/14 v2.14 AMS math features
\@mathmargin=\skip43

For additional information on amsmath, use the `?' option.
(/usr/share/texlive/texmf-dist/tex/latex/amsmath/amstext.sty
Package: amstext 2000/06/29 v2.01

(/usr/share/texlive/texmf-dist/tex/latex/amsmath/amsgen.sty
File: amsgen.sty 1999/11/30 v2.0
\@emptytoks=\toks15
\ex@=\dimen105
))
(/usr/share/texlive/texmf-dist/tex/latex/amsmath/amsbsy.sty
Package: amsbsy 1999/11/29 v1.2d
\pmbraise@=\dimen106
)
(/usr/share/texlive/texmf-dist/tex/latex/amsmath/amsopn.sty
Package: amsopn 1999/12/14 v2.01 operator names
)
\inf@bad=\count88
LaTeX Info: Redefining \frac on input line 210.
\uproot@=\count89
\leftroot@=\count90
LaTeX Info: Redefining \overline on input line 306.
\classnum@=\count91
\DOTSCASE@=\count92
LaTeX Info: Redefining \ldots on input line 378.
LaTeX Info: Redefining \dots on input line 381.
LaTeX Info: Redefining \cdots on input line 466.
\Mathstrutbox@=\box26
\strutbox@=\box27
\big@size=\dimen107
LaTeX Font Info:    Redeclaring font encoding OML on input line 566.
LaTeX Font Info:    Redeclaring font encoding OMS on input line 567.
\macc@depth=\count93
\c@MaxMatrixCols=\count94
\dotsspace@=\muskip10
\c@parentequation=\count95
\dspbrk@lvl=\count96
\tag@help=\toks16
\row@=\count97
\column@=\count98
\maxfields@=\count99
\andhelp@=\toks17
\eqnshift@=\dimen108
\alignsep@=\dimen109
\tagshift@=\dimen110
\tagwidth@=\dimen111
\totwidth@=\dimen112
\lineht@=\dimen113
\@envbody=\toks18
\multlinegap=\skip44
\multlinetaggap=\skip45
\mathdisplay@stack=\toks19
LaTeX Info: Redefining \[ on input line 2665.
LaTeX Info: Redefining \] on input line 2666.
)
(/usr/share/texlive/texmf-dist/tex/latex/amsfonts/amssymb.sty
Package: amssymb 2013/01/14 v3.01 AMS font symbols

(/usr/share/texlive/texmf-dist/tex/latex/amsfonts/amsfonts.sty
Package: amsfonts 2013/01/14 v3.01 Basic AMSFonts support
\symAMSa=\mathgroup4
\symAMSb=\mathgroup5
LaTeX Font Info:    Overwriting math alphabet `\mathfrak' in version `bold'
(Font)                  U/euf/m/n --> U/euf/b/n on input line 106.
))
(/usr/share/texlive/texmf-dist/tex/latex/float/float.sty
Package: float 2001/11/08 v1.3d Float enhancements (AL)
\c@float@type=\count100
\float@exts=\toks20
\float@box=\box28
\@float@everytoks=\toks21
\@floatcapt=\box29
) (./paper.aux)
\openout1 = `paper.aux'.

LaTeX Font Info:    Checking defaults for OML/cmm/m/it on input line 11.
LaTeX Font Info:    ... okay on input line 11.
LaTeX Font Info:    Checking defaults for T1/cmr/m/n on input line 11.
LaTeX Font Info:    ... okay on input line 11.
LaTeX Font Info:    Checking defaults for OT1/cmr/m/n on input line 11.
LaTeX Font Info:    ... okay on input line 11.
LaTeX Font Info:    Checking defaults for OMS/cmsy/m/n on input line 11.
LaTeX Font Info:    ... okay on input line 11.
LaTeX Font Info:    Checking defaults for OMX/cmex/m/n on input line 11.
LaTeX Font Info:    ... okay on input line 11.
LaTeX Font Info:    Checking defaults for U/cmr/m/n on input line 11.
LaTeX Font Info:    ... okay on input line 11.

(/usr/share/texlive/texmf-dist/tex/context/base/supp-pdf.mkii
[Loading MPS to PDF converter (version 2006.09.02).]
\scratchcounter=\count101
\scratchdimen=\dimen114
\scratchbox=\box30
\nofMPsegments=\count102
\nofMParguments=\count103
\everyMPshowfont=\toks22
\MPscratchCnt=\count104
\MPscratchDim=\dimen115
\MPnumerator=\count105
\makeMPintoPDFobject=\count106
\everyMPtoPDFconversion=\toks23
) (/usr/share/texlive/texmf-dist/tex/generic/oberdiek/pdftexcmds.sty
Package: pdftexcmds 2011/11/29 v0.20 Utility functions of pdfTeX for LuaTeX (HO
)

(/usr/share/texlive/texmf-dist/tex/generic/oberdiek/ifluatex.sty
Package: ifluatex 2010/03/01 v1.3 Provides the ifluatex switch (HO)
Package ifluatex Info: LuaTeX not detected.
)
(/usr/share/texlive/texmf-dist/tex/generic/oberdiek/ifpdf.sty
Package: ifpdf 2011/01/30 v2.3 Provides the ifpdf switch (HO)
Package ifpdf Info: pdfTeX in PDF mode is detected.
)
Package pdftexcmds Info: LuaTeX not detected.
Package pdftexcmds Info: \pdf@primitive is available.
Package pdftexcmds Info: \pdf@ifprimitive is available.
Package pdftexcmds Info: \pdfdraftmode found.
)
(/usr/share/texlive/texmf-dist/tex/latex/oberdiek/epstopdf-base.sty
Package: epstopdf-base 2010/02/09 v2.5 Base part for package epstopdf

(/usr/share/texlive/texmf-dist/tex/latex/oberdiek/grfext.sty
Package: grfext 2010/08/19 v1.1 Manage graphics extensions (HO)

(/usr/share/texlive/texmf-dist/tex/generic/oberdiek/kvdefinekeys.sty
Package: kvdefinekeys 2011/04/07 v1.3 Define keys (HO)
))
(/usr/share/texlive/texmf-dist/tex/latex/oberdiek/kvoptions.sty
Package: kvoptions 2011/06/30 v3.11 Key value format for package options (HO)

(/usr/share/texlive/texmf-dist/tex/generic/oberdiek/kvsetkeys.sty
Package: kvsetkeys 2012/04/25 v1.16 Key value parser (HO)

(/usr/share/texlive/texmf-dist/tex/generic/oberdiek/etexcmds.sty
Package: etexcmds 2011/02/16 v1.5 Avoid name clashes with e-TeX commands (HO)
Package etexcmds Info: Could not find \expanded.
(etexcmds)             That can mean that you are not using pdfTeX 1.50 or
(etexcmds)             that some package has redefined \expanded.
(etexcmds)             In the latter case, load this package earlier.
)))
Package grfext Info: Graphics extension search list:
(grfext)             [.png,.pdf,.jpg,.mps,.jpeg,.jbig2,.jb2,.PNG,.PDF,.JPG,.JPE
G,.JBIG2,.JB2,.eps]
(grfext)             \AppendGraphicsExtensions on input line 452.

(/usr/share/texlive/texmf-dist/tex/latex/latexconfig/epstopdf-sys.cfg
File: epstopdf-sys.cfg 2010/07/13 v1.3 Configuration of (r)epstopdf for TeX Liv
e
))
LaTeX Font Info:    Try loading font information for U+msa on input line 12.

(/usr/share/texlive/texmf-dist/tex/latex/amsfonts/umsa.fd
File: umsa.fd 2013/01/14 v3.01 AMS symbols A
)
LaTeX Font Info:    Try loading font information for U+msb on input line 12.

(/usr/share/texlive/texmf-dist/tex/latex/amsfonts/umsb.fd
File: umsb.fd 2013/01/14 v3.01 AMS symbols B
)

LaTeX Warning: Citation `Wiki' on page 1 undefined on input line 19.


LaTeX Warning: Citation `Alexander' on page 1 undefined on input line 22.


Underfull \hbox (badness 10000) in paragraph at lines 23--24

 []


Underfull \hbox (badness 10000) in paragraph at lines 27--29

 []


Underfull \hbox (badness 10000) in paragraph at lines 31--33

 []

[1

{/var/lib/texmf/fonts/map/pdftex/updmap/pdftex.map}]
Underfull \hbox (badness 10000) in paragraph at lines 37--38

 []


Underfull \hbox (badness 10000) in paragraph at lines 38--39

 []


<../output/CurrentandRateofCurrnetAcrossInductorForUnderdamped.png, id=16, 462.
528pt x 346.896pt>
File: ../output/CurrentandRateofCurrnetAcrossInductorForUnderdamped.png Graphic
 file (type png)

<use ../output/CurrentandRateofCurrnetAcrossInductorForUnderdamped.png>
Package pdftex.def Info: ../output/CurrentandRateofCurrnetAcrossInductorForUnde
rdamped.png used on input line 46.
(pdftex.def)             Requested size: 323.76738pt x 242.82553pt.

<../output/CurrentandRateofCurrnetAcrossInductorForCriticallyDamped.png, id=18,
 462.528pt x 346.896pt>
File: ../output/CurrentandRateofCurrnetAcrossInductorForCriticallyDamped.png Gr
aphic file (type png)

<use ../output/CurrentandRateofCurrnetAcrossInductorForCriticallyDamped.png>
Package pdftex.def Info: ../output/CurrentandRateofCurrnetAcrossInductorForCrit
icallyDamped.png used on input line 52.
(pdftex.def)             Requested size: 323.76738pt x 242.82553pt.

[2 <../output/CurrentandRateofCurrnetAcrossInductorForUnderdamped.png>]
<../output/CurrentandRateofCurrnetAcrossInductorForOveramped.png, id=24, 462.52
8pt x 346.896pt>
File: ../output/CurrentandRateofCurrnetAcrossInductorForOveramped.png Graphic f
ile (type png)

<use ../output/CurrentandRateofCurrnetAcrossInductorForOveramped.png>
Package pdftex.def Info: ../output/CurrentandRateofCurrnetAcrossInductorForOver
amped.png used on input line 58.
(pdftex.def)             Requested size: 323.76738pt x 242.82553pt.


LaTeX Warning: Citation `Alexander' on page 3 undefined on input line 63.

[3 <../output/CurrentandRateofCurrnetAcrossInductorForCriticallyDamped.png> <..
/output/CurrentandRateofCurrnetAcrossInductorForOveramped.png>]
<../output/VoltageandRateofVoltageAcrossCapacitorForUnderdamped.png, id=30, 462
.528pt x 346.896pt>
File: ../output/VoltageandRateofVoltageAcrossCapacitorForUnderdamped.png Graphi
c file (type png)

<use ../output/VoltageandRateofVoltageAcrossCapacitorForUnderdamped.png>
Package pdftex.def Info: ../output/VoltageandRateofVoltageAcrossCapacitorForUnd
erdamped.png used on input line 86.
(pdftex.def)             Requested size: 323.76738pt x 242.82553pt.

<../output/VoltageandRateofVoltageAcrossCapacitorForCriticallyDamped.png, id=31
, 462.528pt x 346.896pt>
File: ../output/VoltageandRateofVoltageAcrossCapacitorForCriticallyDamped.png G
raphic file (type png)

<use ../output/VoltageandRateofVoltageAcrossCapacitorForCriticallyDamped.png>
Package pdftex.def Info: ../output/VoltageandRateofVoltageAcrossCapacitorForCri
ticallyDamped.png used on input line 92.
(pdftex.def)             Requested size: 323.76738pt x 242.82553pt.

[4 <../output/VoltageandRateofVoltageAcrossCapacitorForUnderdamped.png>]
<../output/VoltageandRateofVoltageAcrossCapacitorForOveramped.png, id=36, 462.5
28pt x 346.896pt>
File: ../output/VoltageandRateofVoltageAcrossCapacitorForOveramped.png Graphic 
file (type png)

<use ../output/VoltageandRateofVoltageAcrossCapacitorForOveramped.png>
Package pdftex.def Info: ../output/VoltageandRateofVoltageAcrossCapacitorForOve
ramped.png used on input line 98.
(pdftex.def)             Requested size: 323.76738pt x 242.82553pt.


LaTeX Warning: Citation `Alexander' on page 5 undefined on input line 103.

[5 <../output/VoltageandRateofVoltageAcrossCapacitorForCriticallyDamped.png> <.
./output/VoltageandRateofVoltageAcrossCapacitorForOveramped.png>]
<../output/StepResponseofVoltageandRateofVoltageAcrossCapacitorForUnderdamped.p
ng, id=42, 462.528pt x 346.896pt>
File: ../output/StepResponseofVoltageandRateofVoltageAcrossCapacitorForUnderdam
ped.png Graphic file (type png)

<use ../output/StepResponseofVoltageandRateofVoltageAcrossCapacitorForUnderdamp
ed.png>
Package pdftex.def Info: ../output/StepResponseofVoltageandRateofVoltageAcrossC
apacitorForUnderdamped.png used on input line 114.
(pdftex.def)             Requested size: 323.76738pt x 242.82553pt.

<../output/StepResponseofVoltageandRateofVoltageAcrossCapacitorForCritical.png,
 id=43, 462.528pt x 346.896pt>
File: ../output/StepResponseofVoltageandRateofVoltageAcrossCapacitorForCritical
.png Graphic file (type png)

<use ../output/StepResponseofVoltageandRateofVoltageAcrossCapacitorForCritical.
png>
Package pdftex.def Info: ../output/StepResponseofVoltageandRateofVoltageAcrossC
apacitorForCritical.png used on input line 120.
(pdftex.def)             Requested size: 323.76738pt x 242.82553pt.
 [6 <../output/StepResponseofVoltageandRateofVoltageAcrossCapacitorForUnderdamp
ed.png>]
<../output/StepResponseofVoltageandRateofVoltageAcrossCapacitorForOverdamped.pn
g, id=48, 462.528pt x 346.896pt>
File: ../output/StepResponseofVoltageandRateofVoltageAcrossCapacitorForOverdamp
ed.png Graphic file (type png)

<use ../output/StepResponseofVoltageandRateofVoltageAcrossCapacitorForOverdampe
d.png>
Package pdftex.def Info: ../output/StepResponseofVoltageandRateofVoltageAcrossC
apacitorForOverdamped.png used on input line 126.
(pdftex.def)             Requested size: 323.76738pt x 242.82553pt.

No file paper.bbl.
[7 <../output/StepResponseofVoltageandRateofVoltageAcrossCapacitorForCritical.p
ng> <../output/StepResponseofVoltageandRateofVoltageAcrossCapacitorForOverdampe
d.png>] (./paper.aux)

LaTeX Warning: There were undefined references.

 ) 
Here is how much of TeX's memory you used:
 2494 strings out of 493304
 35221 string characters out of 6139871
 93775 words of memory out of 5000000
 5913 multiletter control sequences out of 15000+600000
 11045 words of font info for 42 fonts, out of 8000000 for 9000
 957 hyphenation exceptions out of 8191
 38i,8n,26p,237b,217s stack positions out of 5000i,500n,10000p,200000b,80000s
</usr/share/texlive/texmf-dist/fonts/type1/public/amsfonts/cm/cmbx10.pfb></us
r/share/texlive/texmf-dist/fonts/type1/public/amsfonts/cm/cmbx12.pfb></usr/shar
e/texlive/texmf-dist/fonts/type1/public/amsfonts/cm/cmex10.pfb></usr/share/texl
ive/texmf-dist/fonts/type1/public/amsfonts/cm/cmmi10.pfb></usr/share/texlive/te
xmf-dist/fonts/type1/public/amsfonts/cm/cmmi8.pfb></usr/share/texlive/texmf-dis
t/fonts/type1/public/amsfonts/cm/cmr10.pfb></usr/share/texlive/texmf-dist/fonts
/type1/public/amsfonts/cm/cmr12.pfb></usr/share/texlive/texmf-dist/fonts/type1/
public/amsfonts/cm/cmr17.pfb></usr/share/texlive/texmf-dist/fonts/type1/public/
amsfonts/cm/cmr8.pfb></usr/share/texlive/texmf-dist/fonts/type1/public/amsfonts
/cm/cmsy10.pfb></usr/share/texlive/texmf-dist/fonts/type1/public/amsfonts/cm/cm
sy8.pfb>
Output written on paper.pdf (7 pages, 380102 bytes).
PDF statistics:
 91 PDF objects out of 1000 (max. 8388607)
 52 compressed objects within 1 object stream
 0 named destinations out of 1000 (max. 500000)
 46 words of extra memory for PDF output out of 10000 (max. 10000000)

